<?xml version="1.0" encoding="UTF-8"?>
<coverage generated="1743181037810" clover="3.2.0">
  <project timestamp="1743181037810" name="All files">
    <metrics statements="75" coveredstatements="65" conditionals="54" coveredconditionals="36" methods="44" coveredmethods="36" elements="173" coveredelements="137" complexity="0" loc="75" ncloc="75" packages="1" files="1" classes="1"/>
    <file name="SummaryPage.jsx" path="/mnt/c/Users/Froze/Desktop/NUS/Y3S2/CS3213/Github/frontend/src/pages/SummaryPage.jsx">
      <metrics statements="75" coveredstatements="65" conditionals="54" coveredconditionals="36" methods="44" coveredmethods="36"/>
      <line num="27" count="24" type="stmt"/>
      <line num="38" count="6" type="stmt"/>
      <line num="50" count="12" type="stmt"/>
      <line num="51" count="12" type="stmt"/>
      <line num="52" count="12" type="stmt"/>
      <line num="53" count="12" type="stmt"/>
      <line num="54" count="12" type="stmt"/>
      <line num="55" count="12" type="stmt"/>
      <line num="56" count="12" type="stmt"/>
      <line num="58" count="12" type="stmt"/>
      <line num="59" count="3" type="stmt"/>
      <line num="61" count="6" type="stmt"/>
      <line num="67" count="3" type="stmt"/>
      <line num="69" count="0" type="stmt"/>
      <line num="70" count="3" type="stmt"/>
      <line num="74" count="12" type="stmt"/>
      <line num="75" count="3" type="stmt"/>
      <line num="77" count="3" type="stmt"/>
      <line num="79" count="0" type="stmt"/>
      <line num="82" count="12" type="stmt"/>
      <line num="83" count="3" type="stmt"/>
      <line num="92" count="0" type="cond" truecount="0" falsecount="4"/>
      <line num="93" count="0" type="stmt"/>
      <line num="96" count="0" type="stmt"/>
      <line num="124" count="12" type="stmt"/>
      <line num="136" count="12" type="stmt"/>
      <line num="142" count="4" type="stmt"/>
      <line num="145" count="0" type="cond" truecount="0" falsecount="2"/>
      <line num="149" count="12" type="stmt"/>
      <line num="150" count="1" type="stmt"/>
      <line num="151" count="1" type="cond" truecount="1" falsecount="1"/>
      <line num="155" count="12" type="stmt"/>
      <line num="156" count="0" type="stmt"/>
      <line num="157" count="0" type="stmt"/>
      <line num="160" count="12" type="stmt"/>
      <line num="161" count="12" type="stmt"/>
      <line num="162" count="12" type="stmt"/>
      <line num="163" count="12" type="stmt"/>
      <line num="165" count="12" type="stmt"/>
      <line num="166" count="8" type="cond" truecount="2" falsecount="0"/>
      <line num="167" count="7" type="stmt"/>
      <line num="168" count="7" type="stmt"/>
      <line num="169" count="7" type="stmt"/>
      <line num="171" count="8" type="stmt"/>
      <line num="175" count="12" type="stmt"/>
      <line num="176" count="7" type="cond" truecount="2" falsecount="0"/>
      <line num="178" count="4" type="stmt"/>
      <line num="180" count="24" type="stmt"/>
      <line num="185" count="4" type="stmt"/>
      <line num="186" count="12" type="stmt"/>
      <line num="187" count="12" type="cond" truecount="1" falsecount="1"/>
      <line num="188" count="12" type="cond" truecount="1" falsecount="1"/>
      <line num="189" count="12" type="cond" truecount="2" falsecount="4"/>
      <line num="193" count="4" type="cond" truecount="2" falsecount="0"/>
      <line num="194" count="2" type="stmt"/>
      <line num="197" count="7" type="stmt"/>
      <line num="200" count="42" type="stmt"/>
      <line num="201" count="21" type="cond" truecount="1" falsecount="1"/>
      <line num="209" count="4" type="stmt"/>
      <line num="210" count="12" type="stmt"/>
      <line num="211" count="42" type="stmt"/>
      <line num="212" count="21" type="cond" truecount="1" falsecount="1"/>
      <line num="216" count="4" type="stmt"/>
      <line num="227" count="11" type="stmt"/>
      <line num="229" count="11" type="stmt"/>
      <line num="231" count="4" type="stmt"/>
      <line num="234" count="12" type="stmt"/>
      <line num="244" count="0" type="cond" truecount="2" falsecount="0"/>
      <line num="245" count="1" type="cond" truecount="2" falsecount="0"/>
      <line num="246" count="1" type="cond" truecount="2" falsecount="0"/>
      <line num="311" count="6" type="stmt"/>
      <line num="315" count="1" type="stmt"/>
      <line num="327" count="9" type="stmt"/>
      <line num="334" count="21" type="stmt"/>
      <line num="342" count="0" type="stmt"/>
    </file>
  </project>
</coverage>
