{"/mnt/c/Users/Froze/Desktop/NUS/Y3S2/CS3213/Github/frontend/src/pages/SummaryPage.jsx": {"path":"/mnt/c/Users/Froze/Desktop/NUS/Y3S2/CS3213/Github/frontend/src/pages/SummaryPage.jsx","statementMap":{"0":{"start":{"line":27,"column":19},"end":{"line":36,"column":3}},"1":{"start":{"line":27,"column":48},"end":{"line":36,"column":1}},"2":{"start":{"line":38,"column":19},"end":{"line":47,"column":3}},"3":{"start":{"line":38,"column":58},"end":{"line":47,"column":1}},"4":{"start":{"line":50,"column":48},"end":{"line":50,"column":60}},"5":{"start":{"line":51,"column":48},"end":{"line":51,"column":60}},"6":{"start":{"line":52,"column":36},"end":{"line":52,"column":50}},"7":{"start":{"line":53,"column":34},"end":{"line":53,"column":51}},"8":{"start":{"line":54,"column":42},"end":{"line":54,"column":54}},"9":{"start":{"line":55,"column":36},"end":{"line":55,"column":50}},"10":{"start":{"line":56,"column":32},"end":{"line":56,"column":46}},"11":{"start":{"line":58,"column":2},"end":{"line":71,"column":9}},"12":{"start":{"line":59,"column":4},"end":{"line":70,"column":42}},"13":{"start":{"line":61,"column":30},"end":{"line":66,"column":11}},"14":{"start":{"line":61,"column":57},"end":{"line":66,"column":9}},"15":{"start":{"line":67,"column":8},"end":{"line":67,"column":42}},"16":{"start":{"line":69,"column":22},"end":{"line":69,"column":74}},"17":{"start":{"line":70,"column":21},"end":{"line":70,"column":40}},"18":{"start":{"line":74,"column":2},"end":{"line":80,"column":9}},"19":{"start":{"line":75,"column":4},"end":{"line":79,"column":76}},"20":{"start":{"line":77,"column":8},"end":{"line":77,"column":42}},"21":{"start":{"line":79,"column":22},"end":{"line":79,"column":74}},"22":{"start":{"line":82,"column":18},"end":{"line":122,"column":3}},"23":{"start":{"line":83,"column":10},"end":{"line":120,"column":5}},"24":{"start":{"line":92,"column":10},"end":{"line":94,"column":11}},"25":{"start":{"line":93,"column":12},"end":{"line":93,"column":61}},"26":{"start":{"line":96,"column":10},"end":{"line":96,"column":80}},"27":{"start":{"line":124,"column":16},"end":{"line":134,"column":4}},"28":{"start":{"line":136,"column":23},"end":{"line":139,"column":3}},"29":{"start":{"line":142,"column":4},"end":{"line":146,"column":8}},"30":{"start":{"line":142,"column":33},"end":{"line":146,"column":5}},"31":{"start":{"line":145,"column":30},"end":{"line":145,"column":58}},"32":{"start":{"line":149,"column":26},"end":{"line":153,"column":3}},"33":{"start":{"line":150,"column":4},"end":{"line":152,"column":6}},"34":{"start":{"line":151,"column":6},"end":{"line":151,"column":74}},"35":{"start":{"line":151,"column":45},"end":{"line":151,"column":55}},"36":{"start":{"line":155,"column":28},"end":{"line":158,"column":3}},"37":{"start":{"line":156,"column":4},"end":{"line":156,"column":23}},"38":{"start":{"line":157,"column":4},"end":{"line":157,"column":21}},"39":{"start":{"line":160,"column":26},"end":{"line":173,"column":6}},"40":{"start":{"line":161,"column":23},"end":{"line":161,"column":32}},"41":{"start":{"line":162,"column":33},"end":{"line":162,"column":45}},"42":{"start":{"line":163,"column":14},"end":{"line":163,"column":15}},"43":{"start":{"line":165,"column":4},"end":{"line":172,"column":6}},"44":{"start":{"line":166,"column":6},"end":{"line":170,"column":7}},"45":{"start":{"line":167,"column":8},"end":{"line":167,"column":47}},"46":{"start":{"line":168,"column":22},"end":{"line":168,"column":63}},"47":{"start":{"line":169,"column":8},"end":{"line":169,"column":36}},"48":{"start":{"line":171,"column":6},"end":{"line":171,"column":34}},"49":{"start":{"line":175,"column":24},"end":{"line":232,"column":57}},"50":{"start":{"line":176,"column":4},"end":{"line":176,"column":93}},"51":{"start":{"line":176,"column":46},"end":{"line":176,"column":93}},"52":{"start":{"line":178,"column":22},"end":{"line":182,"column":6}},"53":{"start":{"line":180,"column":25},"end":{"line":180,"column":55}},"54":{"start":{"line":180,"column":43},"end":{"line":180,"column":54}},"55":{"start":{"line":185,"column":27},"end":{"line":191,"column":6}},"56":{"start":{"line":186,"column":24},"end":{"line":186,"column":36}},"57":{"start":{"line":187,"column":19},"end":{"line":187,"column":71}},"58":{"start":{"line":188,"column":17},"end":{"line":188,"column":63}},"59":{"start":{"line":189,"column":6},"end":{"line":190,"column":78}},"60":{"start":{"line":193,"column":25},"end":{"line":195,"column":21}},"61":{"start":{"line":194,"column":76},"end":{"line":194,"column":103}},"62":{"start":{"line":197,"column":23},"end":{"line":207,"column":7}},"63":{"start":{"line":197,"column":62},"end":{"line":207,"column":5}},"64":{"start":{"line":200,"column":22},"end":{"line":200,"column":69}},"65":{"start":{"line":200,"column":51},"end":{"line":200,"column":68}},"66":{"start":{"line":201,"column":8},"end":{"line":201,"column":44}},"67":{"start":{"line":209,"column":26},"end":{"line":214,"column":6}},"68":{"start":{"line":210,"column":6},"end":{"line":213,"column":12}},"69":{"start":{"line":211,"column":22},"end":{"line":211,"column":55}},"70":{"start":{"line":211,"column":37},"end":{"line":211,"column":54}},"71":{"start":{"line":212,"column":8},"end":{"line":212,"column":52}},"72":{"start":{"line":216,"column":19},"end":{"line":227,"column":42}},"73":{"start":{"line":227,"column":18},"end":{"line":227,"column":41}},"74":{"start":{"line":227,"column":35},"end":{"line":227,"column":40}},"75":{"start":{"line":229,"column":21},"end":{"line":229,"column":61}},"76":{"start":{"line":229,"column":53},"end":{"line":229,"column":59}},"77":{"start":{"line":231,"column":4},"end":{"line":231,"column":56}},"78":{"start":{"line":234,"column":2},"end":{"line":353,"column":4}},"79":{"start":{"line":244,"column":71},"end":{"line":244,"column":91}},"80":{"start":{"line":245,"column":70},"end":{"line":245,"column":88}},"81":{"start":{"line":246,"column":75},"end":{"line":246,"column":94}},"82":{"start":{"line":311,"column":24},"end":{"line":317,"column":26}},"83":{"start":{"line":315,"column":41},"end":{"line":315,"column":62}},"84":{"start":{"line":327,"column":47},"end":{"line":327,"column":78}},"85":{"start":{"line":334,"column":47},"end":{"line":334,"column":69}},"86":{"start":{"line":342,"column":60},"end":{"line":342,"column":191}}},"fnMap":{"0":{"name":"(anonymous_0)","decl":{"start":{"line":27,"column":32},"end":{"line":27,"column":33}},"loc":{"start":{"line":27,"column":48},"end":{"line":36,"column":1}},"line":27},"1":{"name":"(anonymous_1)","decl":{"start":{"line":38,"column":32},"end":{"line":38,"column":33}},"loc":{"start":{"line":38,"column":58},"end":{"line":47,"column":1}},"line":38},"2":{"name":"SummaryPage","decl":{"start":{"line":49,"column":9},"end":{"line":49,"column":20}},"loc":{"start":{"line":49,"column":23},"end":{"line":354,"column":1}},"line":49},"3":{"name":"(anonymous_3)","decl":{"start":{"line":58,"column":12},"end":{"line":58,"column":13}},"loc":{"start":{"line":58,"column":18},"end":{"line":71,"column":3}},"line":58},"4":{"name":"(anonymous_4)","decl":{"start":{"line":60,"column":12},"end":{"line":60,"column":13}},"loc":{"start":{"line":60,"column":24},"end":{"line":68,"column":7}},"line":60},"5":{"name":"(anonymous_5)","decl":{"start":{"line":61,"column":48},"end":{"line":61,"column":49}},"loc":{"start":{"line":61,"column":57},"end":{"line":66,"column":9}},"line":61},"6":{"name":"(anonymous_6)","decl":{"start":{"line":69,"column":13},"end":{"line":69,"column":14}},"loc":{"start":{"line":69,"column":22},"end":{"line":69,"column":74}},"line":69},"7":{"name":"(anonymous_7)","decl":{"start":{"line":70,"column":15},"end":{"line":70,"column":16}},"loc":{"start":{"line":70,"column":21},"end":{"line":70,"column":40}},"line":70},"8":{"name":"(anonymous_8)","decl":{"start":{"line":74,"column":12},"end":{"line":74,"column":13}},"loc":{"start":{"line":74,"column":18},"end":{"line":80,"column":3}},"line":74},"9":{"name":"(anonymous_9)","decl":{"start":{"line":76,"column":12},"end":{"line":76,"column":13}},"loc":{"start":{"line":76,"column":24},"end":{"line":78,"column":7}},"line":76},"10":{"name":"(anonymous_10)","decl":{"start":{"line":79,"column":13},"end":{"line":79,"column":14}},"loc":{"start":{"line":79,"column":22},"end":{"line":79,"column":74}},"line":79},"11":{"name":"(anonymous_11)","decl":{"start":{"line":83,"column":4},"end":{"line":83,"column":5}},"loc":{"start":{"line":83,"column":10},"end":{"line":120,"column":5}},"line":83},"12":{"name":"(anonymous_12)","decl":{"start":{"line":89,"column":19},"end":{"line":89,"column":20}},"loc":{"start":{"line":89,"column":45},"end":{"line":97,"column":9}},"line":89},"13":{"name":"addLabels","decl":{"start":{"line":141,"column":11},"end":{"line":141,"column":20}},"loc":{"start":{"line":141,"column":29},"end":{"line":147,"column":3}},"line":141},"14":{"name":"(anonymous_14)","decl":{"start":{"line":142,"column":22},"end":{"line":142,"column":23}},"loc":{"start":{"line":142,"column":33},"end":{"line":146,"column":5}},"line":142},"15":{"name":"(anonymous_15)","decl":{"start":{"line":145,"column":22},"end":{"line":145,"column":23}},"loc":{"start":{"line":145,"column":30},"end":{"line":145,"column":58}},"line":145},"16":{"name":"(anonymous_16)","decl":{"start":{"line":149,"column":26},"end":{"line":149,"column":27}},"loc":{"start":{"line":149,"column":36},"end":{"line":153,"column":3}},"line":149},"17":{"name":"(anonymous_17)","decl":{"start":{"line":150,"column":20},"end":{"line":150,"column":21}},"loc":{"start":{"line":151,"column":6},"end":{"line":151,"column":74}},"line":151},"18":{"name":"(anonymous_18)","decl":{"start":{"line":151,"column":40},"end":{"line":151,"column":41}},"loc":{"start":{"line":151,"column":45},"end":{"line":151,"column":55}},"line":151},"19":{"name":"(anonymous_19)","decl":{"start":{"line":155,"column":28},"end":{"line":155,"column":29}},"loc":{"start":{"line":155,"column":34},"end":{"line":158,"column":3}},"line":155},"20":{"name":"(anonymous_20)","decl":{"start":{"line":160,"column":27},"end":{"line":160,"column":28}},"loc":{"start":{"line":160,"column":33},"end":{"line":173,"column":3}},"line":160},"21":{"name":"(anonymous_21)","decl":{"start":{"line":165,"column":11},"end":{"line":165,"column":12}},"loc":{"start":{"line":165,"column":21},"end":{"line":172,"column":5}},"line":165},"22":{"name":"(anonymous_22)","decl":{"start":{"line":175,"column":32},"end":{"line":175,"column":33}},"loc":{"start":{"line":175,"column":38},"end":{"line":232,"column":3}},"line":175},"23":{"name":"(anonymous_23)","decl":{"start":{"line":180,"column":17},"end":{"line":180,"column":18}},"loc":{"start":{"line":180,"column":25},"end":{"line":180,"column":55}},"line":180},"24":{"name":"(anonymous_24)","decl":{"start":{"line":180,"column":34},"end":{"line":180,"column":35}},"loc":{"start":{"line":180,"column":43},"end":{"line":180,"column":54}},"line":180},"25":{"name":"(anonymous_25)","decl":{"start":{"line":185,"column":44},"end":{"line":185,"column":45}},"loc":{"start":{"line":185,"column":53},"end":{"line":191,"column":5}},"line":185},"26":{"name":"(anonymous_26)","decl":{"start":{"line":194,"column":64},"end":{"line":194,"column":65}},"loc":{"start":{"line":194,"column":76},"end":{"line":194,"column":103}},"line":194},"27":{"name":"(anonymous_27)","decl":{"start":{"line":197,"column":53},"end":{"line":197,"column":54}},"loc":{"start":{"line":197,"column":62},"end":{"line":207,"column":5}},"line":197},"28":{"name":"(anonymous_28)","decl":{"start":{"line":199,"column":31},"end":{"line":199,"column":32}},"loc":{"start":{"line":199,"column":40},"end":{"line":202,"column":7}},"line":199},"29":{"name":"(anonymous_29)","decl":{"start":{"line":200,"column":46},"end":{"line":200,"column":47}},"loc":{"start":{"line":200,"column":51},"end":{"line":200,"column":68}},"line":200},"30":{"name":"(anonymous_30)","decl":{"start":{"line":209,"column":45},"end":{"line":209,"column":46}},"loc":{"start":{"line":209,"column":54},"end":{"line":214,"column":5}},"line":209},"31":{"name":"(anonymous_31)","decl":{"start":{"line":210,"column":48},"end":{"line":210,"column":49}},"loc":{"start":{"line":210,"column":63},"end":{"line":213,"column":7}},"line":210},"32":{"name":"(anonymous_32)","decl":{"start":{"line":211,"column":32},"end":{"line":211,"column":33}},"loc":{"start":{"line":211,"column":37},"end":{"line":211,"column":54}},"line":211},"33":{"name":"(anonymous_33)","decl":{"start":{"line":227,"column":13},"end":{"line":227,"column":14}},"loc":{"start":{"line":227,"column":18},"end":{"line":227,"column":41}},"line":227},"34":{"name":"(anonymous_34)","decl":{"start":{"line":227,"column":30},"end":{"line":227,"column":31}},"loc":{"start":{"line":227,"column":35},"end":{"line":227,"column":40}},"line":227},"35":{"name":"(anonymous_35)","decl":{"start":{"line":229,"column":48},"end":{"line":229,"column":49}},"loc":{"start":{"line":229,"column":53},"end":{"line":229,"column":59}},"line":229},"36":{"name":"(anonymous_36)","decl":{"start":{"line":244,"column":65},"end":{"line":244,"column":66}},"loc":{"start":{"line":244,"column":71},"end":{"line":244,"column":91}},"line":244},"37":{"name":"(anonymous_37)","decl":{"start":{"line":245,"column":64},"end":{"line":245,"column":65}},"loc":{"start":{"line":245,"column":70},"end":{"line":245,"column":88}},"line":245},"38":{"name":"(anonymous_38)","decl":{"start":{"line":246,"column":69},"end":{"line":246,"column":70}},"loc":{"start":{"line":246,"column":75},"end":{"line":246,"column":94}},"line":246},"39":{"name":"(anonymous_39)","decl":{"start":{"line":310,"column":56},"end":{"line":310,"column":57}},"loc":{"start":{"line":311,"column":24},"end":{"line":317,"column":26}},"line":311},"40":{"name":"(anonymous_40)","decl":{"start":{"line":315,"column":35},"end":{"line":315,"column":36}},"loc":{"start":{"line":315,"column":41},"end":{"line":315,"column":62}},"line":315},"41":{"name":"(anonymous_41)","decl":{"start":{"line":327,"column":38},"end":{"line":327,"column":39}},"loc":{"start":{"line":327,"column":47},"end":{"line":327,"column":78}},"line":327},"42":{"name":"(anonymous_42)","decl":{"start":{"line":334,"column":38},"end":{"line":334,"column":39}},"loc":{"start":{"line":334,"column":47},"end":{"line":334,"column":69}},"line":334},"43":{"name":"(anonymous_43)","decl":{"start":{"line":342,"column":33},"end":{"line":342,"column":34}},"loc":{"start":{"line":342,"column":60},"end":{"line":342,"column":191}},"line":342}},"branchMap":{"0":{"loc":{"start":{"line":41,"column":19},"end":{"line":41,"column":68}},"type":"cond-expr","locations":[{"start":{"line":41,"column":30},"end":{"line":41,"column":56}},{"start":{"line":41,"column":59},"end":{"line":41,"column":68}}],"line":41},"1":{"loc":{"start":{"line":42,"column":9},"end":{"line":42,"column":38}},"type":"cond-expr","locations":[{"start":{"line":42,"column":20},"end":{"line":42,"column":26}},{"start":{"line":42,"column":29},"end":{"line":42,"column":38}}],"line":42},"2":{"loc":{"start":{"line":44,"column":21},"end":{"line":44,"column":70}},"type":"cond-expr","locations":[{"start":{"line":44,"column":32},"end":{"line":44,"column":58}},{"start":{"line":44,"column":61},"end":{"line":44,"column":70}}],"line":44},"3":{"loc":{"start":{"line":63,"column":23},"end":{"line":63,"column":52}},"type":"binary-expr","locations":[{"start":{"line":63,"column":23},"end":{"line":63,"column":47}},{"start":{"line":63,"column":51},"end":{"line":63,"column":52}}],"line":63},"4":{"loc":{"start":{"line":64,"column":22},"end":{"line":64,"column":50}},"type":"binary-expr","locations":[{"start":{"line":64,"column":22},"end":{"line":64,"column":45}},{"start":{"line":64,"column":49},"end":{"line":64,"column":50}}],"line":64},"5":{"loc":{"start":{"line":65,"column":23},"end":{"line":65,"column":52}},"type":"binary-expr","locations":[{"start":{"line":65,"column":23},"end":{"line":65,"column":47}},{"start":{"line":65,"column":51},"end":{"line":65,"column":52}}],"line":65},"6":{"loc":{"start":{"line":92,"column":10},"end":{"line":94,"column":11}},"type":"if","locations":[{"start":{"line":92,"column":10},"end":{"line":94,"column":11}},{"start":{},"end":{}}],"line":92},"7":{"loc":{"start":{"line":92,"column":14},"end":{"line":92,"column":56}},"type":"binary-expr","locations":[{"start":{"line":92,"column":14},"end":{"line":92,"column":33}},{"start":{"line":92,"column":37},"end":{"line":92,"column":56}}],"line":92},"8":{"loc":{"start":{"line":145,"column":30},"end":{"line":145,"column":58}},"type":"cond-expr","locations":[{"start":{"line":145,"column":34},"end":{"line":145,"column":52}},{"start":{"line":145,"column":55},"end":{"line":145,"column":58}}],"line":145},"9":{"loc":{"start":{"line":151,"column":6},"end":{"line":151,"column":74}},"type":"cond-expr","locations":[{"start":{"line":151,"column":28},"end":{"line":151,"column":56}},{"start":{"line":151,"column":59},"end":{"line":151,"column":74}}],"line":151},"10":{"loc":{"start":{"line":166,"column":6},"end":{"line":170,"column":7}},"type":"if","locations":[{"start":{"line":166,"column":6},"end":{"line":170,"column":7}},{"start":{},"end":{}}],"line":166},"11":{"loc":{"start":{"line":176,"column":4},"end":{"line":176,"column":93}},"type":"if","locations":[{"start":{"line":176,"column":4},"end":{"line":176,"column":93}},{"start":{},"end":{}}],"line":176},"12":{"loc":{"start":{"line":187,"column":19},"end":{"line":187,"column":71}},"type":"cond-expr","locations":[{"start":{"line":187,"column":31},"end":{"line":187,"column":64}},{"start":{"line":187,"column":67},"end":{"line":187,"column":71}}],"line":187},"13":{"loc":{"start":{"line":188,"column":17},"end":{"line":188,"column":63}},"type":"cond-expr","locations":[{"start":{"line":188,"column":27},"end":{"line":188,"column":56}},{"start":{"line":188,"column":59},"end":{"line":188,"column":63}}],"line":188},"14":{"loc":{"start":{"line":189,"column":13},"end":{"line":190,"column":77}},"type":"binary-expr","locations":[{"start":{"line":189,"column":14},"end":{"line":189,"column":19}},{"start":{"line":189,"column":23},"end":{"line":189,"column":46}},{"start":{"line":189,"column":50},"end":{"line":189,"column":81}},{"start":{"line":190,"column":14},"end":{"line":190,"column":17}},{"start":{"line":190,"column":21},"end":{"line":190,"column":43}},{"start":{"line":190,"column":47},"end":{"line":190,"column":76}}],"line":189},"15":{"loc":{"start":{"line":193,"column":25},"end":{"line":195,"column":21}},"type":"cond-expr","locations":[{"start":{"line":194,"column":6},"end":{"line":194,"column":105}},{"start":{"line":195,"column":6},"end":{"line":195,"column":21}}],"line":193},"16":{"loc":{"start":{"line":201,"column":15},"end":{"line":201,"column":43}},"type":"cond-expr","locations":[{"start":{"line":201,"column":23},"end":{"line":201,"column":39}},{"start":{"line":201,"column":42},"end":{"line":201,"column":43}}],"line":201},"17":{"loc":{"start":{"line":212,"column":22},"end":{"line":212,"column":50}},"type":"cond-expr","locations":[{"start":{"line":212,"column":30},"end":{"line":212,"column":46}},{"start":{"line":212,"column":49},"end":{"line":212,"column":50}}],"line":212},"18":{"loc":{"start":{"line":244,"column":106},"end":{"line":244,"column":147}},"type":"cond-expr","locations":[{"start":{"line":244,"column":129},"end":{"line":244,"column":138}},{"start":{"line":244,"column":141},"end":{"line":244,"column":147}}],"line":244},"19":{"loc":{"start":{"line":245,"column":103},"end":{"line":245,"column":142}},"type":"cond-expr","locations":[{"start":{"line":245,"column":124},"end":{"line":245,"column":133}},{"start":{"line":245,"column":136},"end":{"line":245,"column":142}}],"line":245},"20":{"loc":{"start":{"line":246,"column":109},"end":{"line":246,"column":149}},"type":"cond-expr","locations":[{"start":{"line":246,"column":131},"end":{"line":246,"column":140}},{"start":{"line":246,"column":143},"end":{"line":246,"column":149}}],"line":246},"21":{"loc":{"start":{"line":255,"column":15},"end":{"line":260,"column":15}},"type":"binary-expr","locations":[{"start":{"line":255,"column":15},"end":{"line":255,"column":35}},{"start":{"line":256,"column":16},"end":{"line":259,"column":19}}],"line":255},"22":{"loc":{"start":{"line":261,"column":15},"end":{"line":266,"column":15}},"type":"binary-expr","locations":[{"start":{"line":261,"column":15},"end":{"line":261,"column":33}},{"start":{"line":262,"column":16},"end":{"line":265,"column":19}}],"line":261},"23":{"loc":{"start":{"line":267,"column":15},"end":{"line":347,"column":15}},"type":"binary-expr","locations":[{"start":{"line":267,"column":15},"end":{"line":267,"column":34}},{"start":{"line":268,"column":16},"end":{"line":346,"column":19}}],"line":267},"24":{"loc":{"start":{"line":316,"column":49},"end":{"line":316,"column":112}},"type":"cond-expr","locations":[{"start":{"line":316,"column":79},"end":{"line":316,"column":100}},{"start":{"line":316,"column":103},"end":{"line":316,"column":112}}],"line":316}},"s":{"0":1,"1":24,"2":1,"3":6,"4":12,"5":12,"6":12,"7":12,"8":12,"9":12,"10":12,"11":12,"12":3,"13":3,"14":6,"15":3,"16":0,"17":3,"18":12,"19":3,"20":3,"21":0,"22":12,"23":3,"24":0,"25":0,"26":0,"27":12,"28":12,"29":2,"30":4,"31":0,"32":12,"33":1,"34":1,"35":0,"36":12,"37":0,"38":0,"39":12,"40":12,"41":12,"42":12,"43":12,"44":8,"45":7,"46":7,"47":7,"48":8,"49":12,"50":7,"51":3,"52":4,"53":8,"54":24,"55":4,"56":12,"57":12,"58":12,"59":12,"60":4,"61":2,"62":4,"63":7,"64":21,"65":42,"66":21,"67":4,"68":12,"69":21,"70":42,"71":21,"72":4,"73":11,"74":11,"75":4,"76":11,"77":4,"78":12,"79":0,"80":1,"81":1,"82":6,"83":1,"84":9,"85":21,"86":0},"f":{"0":24,"1":6,"2":12,"3":3,"4":3,"5":6,"6":0,"7":3,"8":3,"9":3,"10":0,"11":3,"12":0,"13":2,"14":4,"15":0,"16":1,"17":1,"18":0,"19":0,"20":12,"21":8,"22":7,"23":8,"24":24,"25":12,"26":2,"27":7,"28":21,"29":42,"30":12,"31":21,"32":42,"33":11,"34":11,"35":11,"36":0,"37":1,"38":1,"39":6,"40":1,"41":9,"42":21,"43":0},"b":{"0":[1,5],"1":[1,5],"2":[1,5],"3":[6,0],"4":[6,0],"5":[6,0],"6":[0,0],"7":[0,0],"8":[0,0],"9":[0,1],"10":[7,1],"11":[3,4],"12":[0,12],"13":[0,12],"14":[12,0,0,12,0,0],"15":[1,3],"16":[21,0],"17":[21,0],"18":[6,6],"19":[2,10],"20":[4,8],"21":[12,6],"22":[12,2],"23":[12,4],"24":[1,5]},"_coverageSchema":"1a1c01bbd47fc00a2c39e90264f33305004495a9","hash":"a2bf7304078560702d1999f5a7fa4798310190d1"}
}
