TN:
SF:src/pages/SummaryPage.jsx
FN:27,(anonymous_0)
FN:38,(anonymous_1)
FN:49,SummaryPage
FN:58,(anonymous_3)
FN:60,(anonymous_4)
FN:61,(anonymous_5)
FN:69,(anonymous_6)
FN:70,(anonymous_7)
FN:74,(anonymous_8)
FN:76,(anonymous_9)
FN:79,(anonymous_10)
FN:83,(anonymous_11)
FN:89,(anonymous_12)
FN:141,addLabels
FN:142,(anonymous_14)
FN:145,(anonymous_15)
FN:149,(anonymous_16)
FN:150,(anonymous_17)
FN:151,(anonymous_18)
FN:155,(anonymous_19)
FN:160,(anonymous_20)
FN:165,(anonymous_21)
FN:175,(anonymous_22)
FN:180,(anonymous_23)
FN:180,(anonymous_24)
FN:185,(anonymous_25)
FN:194,(anonymous_26)
FN:197,(anonymous_27)
FN:199,(anonymous_28)
FN:200,(anonymous_29)
FN:209,(anonymous_30)
FN:210,(anonymous_31)
FN:211,(anonymous_32)
FN:227,(anonymous_33)
FN:227,(anonymous_34)
FN:229,(anonymous_35)
FN:244,(anonymous_36)
FN:245,(anonymous_37)
FN:246,(anonymous_38)
FN:310,(anonymous_39)
FN:315,(anonymous_40)
FN:327,(anonymous_41)
FN:334,(anonymous_42)
FN:342,(anonymous_43)
FNF:44
FNH:36
FNDA:24,(anonymous_0)
FNDA:6,(anonymous_1)
FNDA:12,SummaryPage
FNDA:3,(anonymous_3)
FNDA:3,(anonymous_4)
FNDA:6,(anonymous_5)
FNDA:0,(anonymous_6)
FNDA:3,(anonymous_7)
FNDA:3,(anonymous_8)
FNDA:3,(anonymous_9)
FNDA:0,(anonymous_10)
FNDA:3,(anonymous_11)
FNDA:0,(anonymous_12)
FNDA:2,addLabels
FNDA:4,(anonymous_14)
FNDA:0,(anonymous_15)
FNDA:1,(anonymous_16)
FNDA:1,(anonymous_17)
FNDA:0,(anonymous_18)
FNDA:0,(anonymous_19)
FNDA:12,(anonymous_20)
FNDA:8,(anonymous_21)
FNDA:7,(anonymous_22)
FNDA:8,(anonymous_23)
FNDA:24,(anonymous_24)
FNDA:12,(anonymous_25)
FNDA:2,(anonymous_26)
FNDA:7,(anonymous_27)
FNDA:21,(anonymous_28)
FNDA:42,(anonymous_29)
FNDA:12,(anonymous_30)
FNDA:21,(anonymous_31)
FNDA:42,(anonymous_32)
FNDA:11,(anonymous_33)
FNDA:11,(anonymous_34)
FNDA:11,(anonymous_35)
FNDA:0,(anonymous_36)
FNDA:1,(anonymous_37)
FNDA:1,(anonymous_38)
FNDA:6,(anonymous_39)
FNDA:1,(anonymous_40)
FNDA:9,(anonymous_41)
FNDA:21,(anonymous_42)
FNDA:0,(anonymous_43)
DA:27,24
DA:38,6
DA:50,12
DA:51,12
DA:52,12
DA:53,12
DA:54,12
DA:55,12
DA:56,12
DA:58,12
DA:59,3
DA:61,6
DA:67,3
DA:69,0
DA:70,3
DA:74,12
DA:75,3
DA:77,3
DA:79,0
DA:82,12
DA:83,3
DA:92,0
DA:93,0
DA:96,0
DA:124,12
DA:136,12
DA:142,4
DA:145,0
DA:149,12
DA:150,1
DA:151,1
DA:155,12
DA:156,0
DA:157,0
DA:160,12
DA:161,12
DA:162,12
DA:163,12
DA:165,12
DA:166,8
DA:167,7
DA:168,7
DA:169,7
DA:171,8
DA:175,12
DA:176,7
DA:178,4
DA:180,24
DA:185,4
DA:186,12
DA:187,12
DA:188,12
DA:189,12
DA:193,4
DA:194,2
DA:197,7
DA:200,42
DA:201,21
DA:209,4
DA:210,12
DA:211,42
DA:212,21
DA:216,4
DA:227,11
DA:229,11
DA:231,4
DA:234,12
DA:244,0
DA:245,1
DA:246,1
DA:311,6
DA:315,1
DA:327,9
DA:334,21
DA:342,0
LF:75
LH:65
BRDA:41,0,0,1
BRDA:41,0,1,5
BRDA:42,1,0,1
BRDA:42,1,1,5
BRDA:44,2,0,1
BRDA:44,2,1,5
BRDA:63,3,0,6
BRDA:63,3,1,0
BRDA:64,4,0,6
BRDA:64,4,1,0
BRDA:65,5,0,6
BRDA:65,5,1,0
BRDA:92,6,0,0
BRDA:92,6,1,0
BRDA:92,7,0,0
BRDA:92,7,1,0
BRDA:145,8,0,0
BRDA:145,8,1,0
BRDA:151,9,0,0
BRDA:151,9,1,1
BRDA:166,10,0,7
BRDA:166,10,1,1
BRDA:176,11,0,3
BRDA:176,11,1,4
BRDA:187,12,0,0
BRDA:187,12,1,12
BRDA:188,13,0,0
BRDA:188,13,1,12
BRDA:189,14,0,12
BRDA:189,14,1,0
BRDA:189,14,2,0
BRDA:189,14,3,12
BRDA:189,14,4,0
BRDA:189,14,5,0
BRDA:193,15,0,1
BRDA:193,15,1,3
BRDA:201,16,0,21
BRDA:201,16,1,0
BRDA:212,17,0,21
BRDA:212,17,1,0
BRDA:244,18,0,6
BRDA:244,18,1,6
BRDA:245,19,0,2
BRDA:245,19,1,10
BRDA:246,20,0,4
BRDA:246,20,1,8
BRDA:255,21,0,12
BRDA:255,21,1,6
BRDA:261,22,0,12
BRDA:261,22,1,2
BRDA:267,23,0,12
BRDA:267,23,1,4
BRDA:316,24,0,1
BRDA:316,24,1,5
BRF:54
BRH:36
end_of_record
